c:\users\tidus\desktop\spaceskate\spaceskate\debug\vc140.pdb
c:\users\tidus\desktop\spaceskate\spaceskate\debug\vc140.idb
c:\users\tidus\desktop\spaceskate\spaceskate\debug\mouse.obj
c:\users\tidus\desktop\spaceskate\spaceskate\debug\number.obj
c:\users\tidus\desktop\spaceskate\spaceskate\debug\obb.obj
c:\users\tidus\desktop\spaceskate\spaceskate\debug\particle.obj
c:\users\tidus\desktop\spaceskate\spaceskate\debug\parts.obj
c:\users\tidus\desktop\spaceskate\spaceskate\debug\player.obj
c:\users\tidus\desktop\spaceskate\spaceskate\debug\player2.obj
c:\users\tidus\desktop\spaceskate\spaceskate\debug\playerload.obj
c:\users\tidus\desktop\spaceskate\spaceskate\debug\pressenter.obj
c:\users\tidus\desktop\spaceskate\spaceskate\debug\ranking.obj
c:\users\tidus\desktop\spaceskate\spaceskate\debug\renderer.obj
c:\users\tidus\desktop\spaceskate\spaceskate\debug\rendertarget2d.obj
c:\users\tidus\desktop\spaceskate\spaceskate\debug\scene.obj
c:\users\tidus\desktop\spaceskate\spaceskate\debug\scene2d.obj
c:\users\tidus\desktop\spaceskate\spaceskate\debug\scene3d.obj
c:\users\tidus\desktop\spaceskate\spaceskate\debug\scenemodel.obj
c:\users\tidus\desktop\spaceskate\spaceskate\debug\socket.obj
c:\users\tidus\desktop\spaceskate\spaceskate\debug\sound.obj
c:\users\tidus\desktop\spaceskate\spaceskate\debug\time.obj
c:\users\tidus\desktop\spaceskate\spaceskate\debug\item.obj
c:\users\tidus\desktop\spaceskate\spaceskate\debug\joystick.obj
c:\users\tidus\desktop\spaceskate\spaceskate\debug\key.obj
c:\users\tidus\desktop\spaceskate\spaceskate\debug\keyboard.obj
c:\users\tidus\desktop\spaceskate\spaceskate\debug\keyframe.obj
c:\users\tidus\desktop\spaceskate\spaceskate\debug\light.obj
c:\users\tidus\desktop\spaceskate\spaceskate\debug\line3d.obj
c:\users\tidus\desktop\spaceskate\spaceskate\debug\main.obj
c:\users\tidus\desktop\spaceskate\spaceskate\debug\manager.obj
c:\users\tidus\desktop\spaceskate\spaceskate\debug\meshbox.obj
c:\users\tidus\desktop\spaceskate\spaceskate\debug\meshdome.obj
c:\users\tidus\desktop\spaceskate\spaceskate\debug\mesheffect.obj
c:\users\tidus\desktop\spaceskate\spaceskate\debug\meshfield.obj
c:\users\tidus\desktop\spaceskate\spaceskate\debug\meshwall.obj
c:\users\tidus\desktop\spaceskate\spaceskate\debug\mode.obj
c:\users\tidus\desktop\spaceskate\spaceskate\debug\modegame.obj
c:\users\tidus\desktop\spaceskate\spaceskate\debug\moderesult.obj
c:\users\tidus\desktop\spaceskate\spaceskate\debug\modetitle.obj
c:\users\tidus\desktop\spaceskate\spaceskate\debug\monitor.obj
c:\users\tidus\desktop\spaceskate\spaceskate\debug\motion.obj
c:\users\tidus\desktop\spaceskate\spaceskate\debug\camera.obj
c:\users\tidus\desktop\spaceskate\spaceskate\debug\colision.obj
c:\users\tidus\desktop\spaceskate\spaceskate\debug\columncpp.obj
c:\users\tidus\desktop\spaceskate\spaceskate\debug\countdawn.obj
c:\users\tidus\desktop\spaceskate\spaceskate\debug\emitter.obj
c:\users\tidus\desktop\spaceskate\spaceskate\debug\gear.obj
c:\users\tidus\desktop\spaceskate\spaceskate\debug\input.obj
c:\users\tidus\desktop\spaceskate\spaceskate\debug\spaceskate.tlog\cl.command.1.tlog
c:\users\tidus\desktop\spaceskate\spaceskate\debug\spaceskate.tlog\cl.read.1.tlog
c:\users\tidus\desktop\spaceskate\spaceskate\debug\spaceskate.tlog\cl.write.1.tlog
